TN:
SF:app.js
FN:22,(anonymous_0)
FNF:1
FNH:0
FNDA:0,(anonymous_0)
DA:1,1
DA:2,1
DA:3,1
DA:4,1
DA:6,1
DA:7,1
DA:8,1
DA:10,1
DA:11,1
DA:13,1
DA:14,1
DA:16,1
DA:17,1
DA:18,1
DA:20,1
DA:21,0
DA:22,0
DA:23,0
DA:27,1
LF:19
LH:16
BRDA:20,0,0,0
BRDA:20,0,1,1
BRDA:21,1,0,0
BRDA:21,1,1,0
BRF:4
BRH:1
end_of_record
TN:
SF:config\db.js
FN:3,(anonymous_0)
FNF:1
FNH:1
FNDA:1,(anonymous_0)
DA:1,1
DA:3,1
DA:4,1
DA:5,1
DA:8,1
DA:10,0
DA:11,0
DA:15,1
LF:8
LH:6
BRF:0
BRH:0
end_of_record
TN:
SF:controllers\customer.controller.js
FN:4,(anonymous_0)
FN:9,(anonymous_1)
FN:20,(anonymous_2)
FN:29,(anonymous_3)
FN:43,(anonymous_4)
FNF:5
FNH:5
FNDA:1,(anonymous_0)
FNDA:5,(anonymous_1)
FNDA:3,(anonymous_2)
FNDA:4,(anonymous_3)
FNDA:3,(anonymous_4)
DA:1,1
DA:2,1
DA:4,1
DA:5,1
DA:6,1
DA:9,1
DA:10,5
DA:11,1
DA:13,4
DA:14,4
DA:15,3
DA:17,1
DA:20,1
DA:21,3
DA:22,1
DA:24,2
DA:25,2
DA:26,2
DA:29,1
DA:30,4
DA:31,1
DA:33,3
DA:34,1
DA:36,2
DA:37,2
DA:38,1
DA:40,1
DA:43,1
DA:44,3
DA:45,1
DA:47,2
DA:48,1
DA:50,1
DA:51,1
DA:52,0
DA:54,1
LF:36
LH:35
BRDA:10,0,0,1
BRDA:10,0,1,4
BRDA:14,1,0,3
BRDA:14,1,1,1
BRDA:21,2,0,1
BRDA:21,2,1,2
BRDA:21,3,0,3
BRDA:21,3,1,2
BRDA:21,3,2,2
BRDA:21,3,3,2
BRDA:30,4,0,1
BRDA:30,4,1,3
BRDA:33,5,0,1
BRDA:33,5,1,2
BRDA:37,6,0,1
BRDA:37,6,1,1
BRDA:44,7,0,1
BRDA:44,7,1,2
BRDA:47,8,0,1
BRDA:47,8,1,1
BRDA:51,9,0,0
BRDA:51,9,1,1
BRF:22
BRH:21
end_of_record
TN:
SF:controllers\expense.controller.js
FN:4,(anonymous_0)
FN:9,(anonymous_1)
FN:20,(anonymous_2)
FN:29,(anonymous_3)
FN:43,(anonymous_4)
FNF:5
FNH:5
FNDA:1,(anonymous_0)
FNDA:3,(anonymous_1)
FNDA:2,(anonymous_2)
FNDA:4,(anonymous_3)
FNDA:3,(anonymous_4)
DA:1,1
DA:2,1
DA:4,1
DA:5,1
DA:6,1
DA:9,1
DA:10,3
DA:11,1
DA:13,2
DA:14,2
DA:15,1
DA:17,1
DA:20,1
DA:21,2
DA:22,1
DA:24,1
DA:25,1
DA:26,1
DA:29,1
DA:30,4
DA:31,1
DA:33,3
DA:34,1
DA:36,2
DA:37,2
DA:38,1
DA:40,1
DA:43,1
DA:44,3
DA:45,1
DA:47,2
DA:48,1
DA:50,1
DA:51,1
DA:52,0
DA:54,1
LF:36
LH:35
BRDA:10,0,0,1
BRDA:10,0,1,2
BRDA:14,1,0,1
BRDA:14,1,1,1
BRDA:21,2,0,1
BRDA:21,2,1,1
BRDA:21,3,0,2
BRDA:21,3,1,1
BRDA:21,3,2,1
BRDA:21,3,3,1
BRDA:30,4,0,1
BRDA:30,4,1,3
BRDA:33,5,0,1
BRDA:33,5,1,2
BRDA:37,6,0,1
BRDA:37,6,1,1
BRDA:44,7,0,1
BRDA:44,7,1,2
BRDA:47,8,0,1
BRDA:47,8,1,1
BRDA:51,9,0,0
BRDA:51,9,1,1
BRF:22
BRH:21
end_of_record
TN:
SF:controllers\receipt.controller.js
FN:4,(anonymous_0)
FN:9,(anonymous_1)
FN:20,(anonymous_2)
FN:29,(anonymous_3)
FN:43,(anonymous_4)
FNF:5
FNH:5
FNDA:1,(anonymous_0)
FNDA:3,(anonymous_1)
FNDA:2,(anonymous_2)
FNDA:4,(anonymous_3)
FNDA:3,(anonymous_4)
DA:1,1
DA:2,1
DA:4,1
DA:5,1
DA:6,1
DA:9,1
DA:10,3
DA:11,1
DA:13,2
DA:14,2
DA:15,1
DA:17,1
DA:20,1
DA:21,2
DA:22,1
DA:24,1
DA:25,1
DA:26,1
DA:29,1
DA:30,4
DA:31,1
DA:33,3
DA:34,1
DA:36,2
DA:37,2
DA:38,1
DA:40,1
DA:43,1
DA:44,3
DA:45,1
DA:47,2
DA:48,1
DA:50,1
DA:51,1
DA:52,0
DA:54,1
LF:36
LH:35
BRDA:10,0,0,1
BRDA:10,0,1,2
BRDA:14,1,0,1
BRDA:14,1,1,1
BRDA:21,2,0,1
BRDA:21,2,1,1
BRDA:21,3,0,2
BRDA:21,3,1,1
BRDA:21,3,2,1
BRDA:21,3,3,1
BRDA:21,3,4,1
BRDA:21,3,5,1
BRDA:30,4,0,1
BRDA:30,4,1,3
BRDA:33,5,0,1
BRDA:33,5,1,2
BRDA:37,6,0,1
BRDA:37,6,1,1
BRDA:44,7,0,1
BRDA:44,7,1,2
BRDA:44,8,0,3
BRDA:44,8,1,3
BRDA:47,9,0,1
BRDA:47,9,1,1
BRDA:51,10,0,0
BRDA:51,10,1,1
BRF:26
BRH:25
end_of_record
TN:
SF:models\customer.model.js
FNF:0
FNH:0
DA:1,1
DA:3,1
DA:12,1
LF:3
LH:3
BRF:0
BRH:0
end_of_record
TN:
SF:models\expense.model.js
FNF:0
FNH:0
DA:1,1
DA:3,1
DA:12,1
LF:3
LH:3
BRF:0
BRH:0
end_of_record
TN:
SF:models\receipt.model.js
FNF:0
FNH:0
DA:1,1
DA:3,1
DA:13,1
LF:3
LH:3
BRF:0
BRH:0
end_of_record
TN:
SF:routes\customer.routes.js
FNF:0
FNH:0
DA:1,1
DA:2,1
DA:3,1
DA:5,1
DA:6,1
DA:7,1
DA:8,1
DA:9,1
DA:10,1
LF:9
LH:9
BRF:0
BRH:0
end_of_record
TN:
SF:routes\expense.routes.js
FNF:0
FNH:0
DA:1,1
DA:2,1
DA:3,1
DA:4,1
DA:6,1
DA:7,1
DA:8,1
DA:9,1
DA:10,1
DA:11,1
LF:10
LH:10
BRF:0
BRH:0
end_of_record
TN:
SF:routes\receipt.routes.js
FNF:0
FNH:0
DA:1,1
DA:2,1
DA:3,1
DA:5,1
DA:6,1
DA:7,1
DA:8,1
DA:9,1
DA:11,1
LF:9
LH:9
BRF:0
BRH:0
end_of_record
